Watching for file changes with StatReloader
[28/Jun/2025 10:23:48] "POST /api/v1/auth/login/ HTTP/1.1" 200 133
[28/Jun/2025 10:23:48] "GET /api/v1/users/ HTTP/1.1" 200 3749
[28/Jun/2025 10:23:48] "GET /api/v1/auth/me/ HTTP/1.1" 200 286
[28/Jun/2025 10:23:48] "GET /api/v1/agency-types/ HTTP/1.1" 200 820
[28/Jun/2025 10:23:48] "GET /api/v1/districts/ HTTP/1.1" 200 2067
[28/Jun/2025 10:23:48] "GET /api/v1/agency/ HTTP/1.1" 200 5149
[28/Jun/2025 10:23:48] "GET /api/v1/agency/?search=Minh HTTP/1.1" 200 433
[28/Jun/2025 10:23:48] "GET /api/v1/agency/?agency_type=1 HTTP/1.1" 200 775
[28/Jun/2025 10:23:48] "GET /api/v1/agency/8/ HTTP/1.1" 200 359
[28/Jun/2025 10:23:48] "GET /api/v1/agency/8/debt/ HTTP/1.1" 200 269
[28/Jun/2025 10:23:48] "GET /api/v1/staff-agency/ HTTP/1.1" 200 995
[28/Jun/2025 10:23:48] "GET /api/v1/inventory/units/ HTTP/1.1" 200 456
/home/ductrung/frontendSE104/back-end/venv/lib/python3.12/site-packages/rest_framework/fields.py:992: UserWarning: min_value should be an integer or Decimal instance.
  warnings.warn("min_value should be an integer or Decimal instance.")
[28/Jun/2025 10:23:48] "GET /api/v1/inventory/items/ HTTP/1.1" 200 3503
[28/Jun/2025 10:23:48] "GET /api/v1/inventory/items/?search=Bia HTTP/1.1" 200 709
[28/Jun/2025 10:23:49] "GET /api/v1/inventory/items/low_stock/ HTTP/1.1" 200 2
[28/Jun/2025 10:23:49] "GET /api/v1/inventory/items/1/ HTTP/1.1" 200 168
[28/Jun/2025 10:23:49] "GET /api/v1/inventory/receipts/ HTTP/1.1" 200 1163
[28/Jun/2025 10:23:49] "GET /api/v1/inventory/receipts/?agency_id=8 HTTP/1.1" 200 52
[28/Jun/2025 10:23:49] "GET /api/v1/inventory/issues/ HTTP/1.1" 200 4405
[28/Jun/2025 10:23:49] "GET /api/v1/inventory/issues/?agency_id=8 HTTP/1.1" 200 263
[28/Jun/2025 10:23:49] "GET /api/v1/finance/payments/ HTTP/1.1" 200 2288
[28/Jun/2025 10:23:49] "GET /api/v1/finance/payments/?agency_id=8 HTTP/1.1" 200 52
[28/Jun/2025 10:23:49] "GET /api/v1/finance/reports/ HTTP/1.1" 200 762
[28/Jun/2025 10:23:49] "GET /api/v1/finance/debts/ HTTP/1.1" 200 6737
[28/Jun/2025 10:23:49] "GET /api/v1/finance/debts/summary/ HTTP/1.1" 200 2727
[28/Jun/2025 10:23:49] "GET /api/v1/finance/debts/aging/ HTTP/1.1" 200 1836
[28/Jun/2025 10:23:49] "GET /api/v1/regulation/ HTTP/1.1" 200 1843
[28/Jun/2025 10:23:49] "GET /api/v1/regulation/max_debt_default/ HTTP/1.1" 200 262
[28/Jun/2025 10:23:50] "GET /api/v1/regulation/history/ HTTP/1.1" 200 1945
/home/ductrung/frontendSE104/back-end/agency/models.py changed, reloading.
Performing system checks...

System check identified no issues (0 silenced).
June 28, 2025 - 10:23:27
Django version 5.2.3, using settings 'agency_management.settings'
Starting development server at http://0.0.0.0:8000/
Quit the server with CONTROL-C.

WARNING: This is a development server. Do not use it in a production setting. Use a production WSGI or ASGI server instead.
For more information on production servers see: https://docs.djangoproject.com/en/5.2/howto/deployment/
DEBUG: request.user = Quản trị viên hệ thống
DEBUG: type(request.user) = <class 'authentication.models.User'>
DEBUG: hasattr user_id = True
DEBUG: user.user_id = 1
Watching for file changes with StatReloader
Unauthorized: /api/v1/auth/me/
[28/Jun/2025 12:00:33] "GET /api/v1/auth/me/ HTTP/1.1" 401 146
Unauthorized: /api/v1/auth/me/
[28/Jun/2025 12:00:33] "GET /api/v1/auth/me/ HTTP/1.1" 401 146
[28/Jun/2025 12:00:34] "OPTIONS /api/v1/auth/login/ HTTP/1.1" 200 0
[28/Jun/2025 12:00:34] "POST /api/v1/auth/login/ HTTP/1.1" 200 128
[28/Jun/2025 12:00:36] "GET /api/v1/agency/?limit=1 HTTP/1.1" 200 470
[28/Jun/2025 12:00:36] "GET /api/v1/agency/?limit=1 HTTP/1.1" 200 470
/home/ductrung/frontendSE104/back-end/venv/lib/python3.12/site-packages/rest_framework/fields.py:992: UserWarning: min_value should be an integer or Decimal instance.
  warnings.warn("min_value should be an integer or Decimal instance.")
[28/Jun/2025 12:00:36] "GET /api/v1/inventory/issues/by_agency/?agency_id=14 HTTP/1.1" 200 7550
[28/Jun/2025 12:00:36] "GET /api/v1/inventory/issues/by_agency/?agency_id=14 HTTP/1.1" 200 7550
[28/Jun/2025 12:00:37] "GET /api/v1/agency/?limit=1 HTTP/1.1" 200 470
[28/Jun/2025 12:00:37] "GET /api/v1/agency/?limit=1 HTTP/1.1" 200 470
[28/Jun/2025 12:10:12] "GET /api/v1/agency/?limit=1 HTTP/1.1" 200 470
[28/Jun/2025 12:10:12] "GET /api/v1/agency/?limit=1 HTTP/1.1" 200 470
[28/Jun/2025 12:11:14] "GET /api/v1/agency/?limit=1 HTTP/1.1" 200 470
[28/Jun/2025 12:11:14] "GET /api/v1/agency/?limit=1 HTTP/1.1" 200 470
[28/Jun/2025 12:11:14] "GET /api/v1/inventory/issues/by_agency/?agency_id=14 HTTP/1.1" 200 7550
[28/Jun/2025 12:11:14] "GET /api/v1/inventory/issues/by_agency/?agency_id=14 HTTP/1.1" 200 7550
[28/Jun/2025 12:11:43] "GET /api/v1/auth/me/ HTTP/1.1" 200 267
[28/Jun/2025 12:11:43] "GET /api/v1/auth/me/ HTTP/1.1" 200 267
[28/Jun/2025 12:11:43] "GET /api/v1/agency/?limit=1 HTTP/1.1" 200 470
[28/Jun/2025 12:11:43] "GET /api/v1/agency/?limit=1 HTTP/1.1" 200 470
[28/Jun/2025 12:11:43] "GET /api/v1/agency/?limit=1 HTTP/1.1" 200 470
[28/Jun/2025 12:11:43] "GET /api/v1/auth/me/ HTTP/1.1" 200 267
[28/Jun/2025 12:11:43] "GET /api/v1/auth/me/ HTTP/1.1" 200 267
[28/Jun/2025 12:11:44] "GET /api/v1/auth/me/ HTTP/1.1" 200 267
[28/Jun/2025 12:11:44] "GET /api/v1/auth/me/ HTTP/1.1" 200 267
[28/Jun/2025 12:11:44] "GET /api/v1/agency/?limit=1 HTTP/1.1" 200 470
[28/Jun/2025 12:11:44] "GET /api/v1/auth/me/ HTTP/1.1" 200 267
[28/Jun/2025 12:11:44] "GET /api/v1/auth/me/ HTTP/1.1" 200 267
[28/Jun/2025 12:11:44] "GET /api/v1/agency/?limit=1 HTTP/1.1" 200 470
[28/Jun/2025 12:11:44] "GET /api/v1/auth/me/ HTTP/1.1" 200 267
[28/Jun/2025 12:11:44] "GET /api/v1/auth/me/ HTTP/1.1" 200 267
[28/Jun/2025 12:11:44] "GET /api/v1/agency/?limit=1 HTTP/1.1" 200 470
[28/Jun/2025 12:11:44] "GET /api/v1/auth/me/ HTTP/1.1" 200 267
[28/Jun/2025 12:11:44] "GET /api/v1/auth/me/ HTTP/1.1" 200 267
[28/Jun/2025 12:11:44] "GET /api/v1/agency/?limit=1 HTTP/1.1" 200 470
[28/Jun/2025 12:11:44] "GET /api/v1/agency/?limit=1 HTTP/1.1" 200 470
[28/Jun/2025 12:11:44] "GET /api/v1/auth/me/ HTTP/1.1" 200 267
[28/Jun/2025 12:11:44] "GET /api/v1/auth/me/ HTTP/1.1" 200 267
[28/Jun/2025 12:11:44] "GET /api/v1/agency/?limit=1 HTTP/1.1" 200 470
[28/Jun/2025 12:11:44] "GET /api/v1/auth/me/ HTTP/1.1" 200 267
[28/Jun/2025 12:11:45] "GET /api/v1/auth/me/ HTTP/1.1" 200 267
[28/Jun/2025 12:11:45] "GET /api/v1/agency/?limit=1 HTTP/1.1" 200 470
[28/Jun/2025 12:11:45] "GET /api/v1/agency/?limit=1 HTTP/1.1" 200 470
[28/Jun/2025 12:11:45] "GET /api/v1/agency/?limit=1 HTTP/1.1" 200 470
[28/Jun/2025 12:11:45] "GET /api/v1/inventory/issues/by_agency/?agency_id=14 HTTP/1.1" 200 7550
[28/Jun/2025 12:11:45] "GET /api/v1/inventory/issues/by_agency/?agency_id=14 HTTP/1.1" 200 7550
[28/Jun/2025 12:11:45] "GET /api/v1/inventory/issues/by_agency/?agency_id=14 HTTP/1.1" 200 7550
[28/Jun/2025 12:11:45] "GET /api/v1/agency/?limit=1 HTTP/1.1" 200 470
[28/Jun/2025 12:11:45] "GET /api/v1/agency/?limit=1 HTTP/1.1" 200 470
[28/Jun/2025 12:11:46] "GET /api/v1/agency/?limit=1 HTTP/1.1" 200 470
[28/Jun/2025 12:11:46] "GET /api/v1/agency/?limit=1 HTTP/1.1" 200 470
/home/ductrung/frontendSE104/back-end/agency/models.py changed, reloading.
Performing system checks...

System check identified no issues (0 silenced).
June 28, 2025 - 11:59:14
Django version 5.2.3, using settings 'agency_management.settings'
Starting development server at http://0.0.0.0:8000/
Quit the server with CONTROL-C.

WARNING: This is a development server. Do not use it in a production setting. Use a production WSGI or ASGI server instead.
For more information on production servers see: https://docs.djangoproject.com/en/5.2/howto/deployment/
DEBUG: request.user = Đại lý Kim Long
DEBUG: type(request.user) = <class 'authentication.models.User'>
DEBUG: hasattr user_id = True
DEBUG: user.user_id = 9
DEBUG: request.user = Đại lý Kim Long
DEBUG: type(request.user) = <class 'authentication.models.User'>
DEBUG: hasattr user_id = True
DEBUG: user.user_id = 9
DEBUG: request.user = Đại lý Kim Long
DEBUG: type(request.user) = <class 'authentication.models.User'>
DEBUG: hasattr user_id = True
DEBUG: user.user_id = 9
DEBUG: request.user = Đại lý Kim Long
DEBUG: type(request.user) = <class 'authentication.models.User'>
DEBUG: hasattr user_id = True
DEBUG: user.user_id = 9
DEBUG: request.user = Đại lý Kim Long
DEBUG: type(request.user) = <class 'authentication.models.User'>
DEBUG: hasattr user_id = True
DEBUG: user.user_id = 9
DEBUG: request.user = Đại lý Kim Long
DEBUG: type(request.user) = <class 'authentication.models.User'>
DEBUG: hasattr user_id = True
DEBUG: user.user_id = 9
DEBUG: request.user = Đại lý Kim Long
DEBUG: type(request.user) = <class 'authentication.models.User'>
DEBUG: hasattr user_id = True
DEBUG: user.user_id = 9
DEBUG: request.user = Đại lý Kim Long
DEBUG: type(request.user) = <class 'authentication.models.User'>
DEBUG: hasattr user_id = True
DEBUG: user.user_id = 9
DEBUG: request.user = Đại lý Kim Long
DEBUG: type(request.user) = <class 'authentication.models.User'>
DEBUG: hasattr user_id = True
DEBUG: user.user_id = 9
DEBUG: request.user = Đại lý Kim Long
DEBUG: type(request.user) = <class 'authentication.models.User'>
DEBUG: hasattr user_id = True
DEBUG: user.user_id = 9
DEBUG: request.user = Đại lý Kim Long
DEBUG: type(request.user) = <class 'authentication.models.User'>
DEBUG: hasattr user_id = True
DEBUG: user.user_id = 9
DEBUG: request.user = Đại lý Kim Long
DEBUG: type(request.user) = <class 'authentication.models.User'>
DEBUG: hasattr user_id = True
DEBUG: user.user_id = 9
DEBUG: request.user = Đại lý Kim Long
DEBUG: type(request.user) = <class 'authentication.models.User'>
DEBUG: hasattr user_id = True
DEBUG: user.user_id = 9
DEBUG: request.user = Đại lý Kim Long
DEBUG: type(request.user) = <class 'authentication.models.User'>
DEBUG: hasattr user_id = True
DEBUG: user.user_id = 9
DEBUG: request.user = Đại lý Kim Long
DEBUG: type(request.user) = <class 'authentication.models.User'>
DEBUG: hasattr user_id = True
DEBUG: user.user_id = 9
DEBUG: request.user = Đại lý Kim Long
DEBUG: type(request.user) = <class 'authentication.models.User'>
DEBUG: hasattr user_id = True
DEBUG: user.user_id = 9
Watching for file changes with StatReloader
/home/ductrung/frontendSE104/back-end/agency/models.py changed, reloading.
Performing system checks...

System check identified no issues (0 silenced).
June 28, 2025 - 12:12:11
Django version 5.2.3, using settings 'agency_management.settings'
Starting development server at http://0.0.0.0:8000/
Quit the server with CONTROL-C.

WARNING: This is a development server. Do not use it in a production setting. Use a production WSGI or ASGI server instead.
For more information on production servers see: https://docs.djangoproject.com/en/5.2/howto/deployment/
Watching for file changes with StatReloader
[28/Jun/2025 12:12:19] "GET /api/v1/auth/me/ HTTP/1.1" 200 267
[28/Jun/2025 12:12:19] "GET /api/v1/auth/me/ HTTP/1.1" 200 267
[28/Jun/2025 12:12:19] "GET /api/v1/agency/?limit=1 HTTP/1.1" 200 470
[28/Jun/2025 12:12:19] "GET /api/v1/agency/?limit=1 HTTP/1.1" 200 470
[28/Jun/2025 12:12:19] "GET /api/v1/agency/?limit=1 HTTP/1.1" 200 470
[28/Jun/2025 21:15:48] "GET /api/v1/auth/me/ HTTP/1.1" 200 267
[28/Jun/2025 21:15:48] "GET /api/v1/auth/me/ HTTP/1.1" 200 267
